TN:
SF:solutions\1-promise-chain.js
FN:1,fetchSequentially
FNF:1
FNH:1
FNDA:3,fetchSequentially
DA:2,3
DA:4,3
DA:5,4
DA:6,3
DA:7,3
DA:10,2
DA:13,1
LF:7
LH:7
BRF:0
BRH:0
end_of_record
TN:
SF:solutions\10-breadth-first-traversal.js
FN:6,Node
FN:16,breadthFirstTraversal
FNF:2
FNH:2
FNDA:8,Node
FNDA:5,breadthFirstTraversal
DA:7,8
DA:8,8
DA:17,5
DA:18,3
DA:21,2
DA:22,2
DA:24,2
DA:25,8
DA:26,8
DA:28,8
DA:29,6
DA:33,2
DA:36,1
LF:13
LH:13
BRDA:6,0,0,5
BRDA:17,1,0,3
BRDA:17,1,1,2
BRDA:17,2,0,5
BRDA:17,2,1,4
BRF:5
BRH:5
end_of_record
TN:
SF:solutions\2-my-flat.js
FN:1,myFlat
FN:4,(anonymous_1)
FNF:2
FNH:2
FNDA:24,myFlat
FNDA:35,(anonymous_1)
DA:2,24
DA:4,21
DA:5,35
DA:6,14
DA:8,21
DA:12,1
LF:6
LH:6
BRDA:2,0,0,3
BRDA:2,0,1,21
BRDA:5,1,0,14
BRDA:5,1,1,21
BRF:4
BRH:4
end_of_record
TN:
SF:solutions\3-calculator.js
FN:3,(anonymous_0)
FN:7,(anonymous_1)
FN:11,(anonymous_2)
FN:15,(anonymous_3)
FN:20,(anonymous_4)
FN:23,(anonymous_5)
FN:29,executeOperation
FNF:7
FNH:7
FNDA:10,(anonymous_0)
FNDA:3,(anonymous_1)
FNDA:4,(anonymous_2)
FNDA:4,(anonymous_3)
FNDA:10,(anonymous_4)
FNDA:9,(anonymous_5)
FNDA:4,executeOperation
DA:1,1
DA:4,10
DA:5,10
DA:8,3
DA:9,3
DA:12,4
DA:13,4
DA:16,4
DA:17,3
DA:18,3
DA:21,10
DA:24,9
DA:25,9
DA:30,4
DA:33,1
LF:15
LH:15
BRDA:16,0,0,1
BRDA:16,0,1,3
BRF:2
BRH:2
end_of_record
TN:
SF:solutions\5-my-for-each.js
FN:8,myForEach
FNF:1
FNH:1
FNDA:6,myForEach
DA:9,6
DA:10,3
DA:13,3
DA:14,0
DA:17,3
DA:18,4
DA:22,1
LF:7
LH:6
BRDA:9,0,0,3
BRDA:9,0,1,3
BRDA:13,1,0,0
BRDA:13,1,1,3
BRF:4
BRH:3
end_of_record
TN:
SF:solutions\6-calculate.js
FN:7,calculate
FNF:1
FNH:1
FNDA:7,calculate
DA:8,7
DA:9,3
DA:12,4
DA:13,0
DA:16,4
DA:19,1
LF:6
LH:5
BRDA:8,0,0,3
BRDA:8,0,1,4
BRDA:12,1,0,0
BRDA:12,1,1,4
BRF:4
BRH:3
end_of_record
TN:
SF:solutions\7-event-bus.js
FN:5,createEventBus
FN:9,(anonymous_1)
FN:19,(anonymous_2)
FN:21,(anonymous_3)
FN:25,(anonymous_4)
FN:27,(anonymous_5)
FNF:6
FNH:6
FNDA:5,createEventBus
FNDA:5,(anonymous_1)
FNDA:1,(anonymous_2)
FNDA:1,(anonymous_3)
FNDA:4,(anonymous_4)
FNDA:3,(anonymous_5)
DA:6,5
DA:8,5
DA:10,5
DA:11,1
DA:13,4
DA:14,3
DA:16,4
DA:20,1
DA:21,1
DA:26,4
DA:27,3
DA:33,1
LF:12
LH:12
BRDA:10,0,0,1
BRDA:10,0,1,4
BRDA:13,1,0,3
BRDA:13,1,1,1
BRDA:20,2,0,1
BRDA:20,2,1,0
BRDA:26,3,0,3
BRDA:26,3,1,1
BRF:8
BRH:7
end_of_record
TN:
SF:solutions\8-max-sum-subarray.js
FN:7,maxSumSubarray
FNF:1
FNH:1
FNDA:9,maxSumSubarray
DA:8,9
DA:9,1
DA:12,8
DA:13,1
DA:16,7
DA:17,1
DA:20,6
DA:21,6
DA:24,6
DA:25,17
DA:27,6
DA:30,6
DA:31,16
DA:32,16
DA:35,6
DA:38,1
LF:16
LH:16
BRDA:8,0,0,1
BRDA:8,0,1,8
BRDA:12,1,0,1
BRDA:12,1,1,7
BRDA:12,2,0,8
BRDA:12,2,1,7
BRDA:16,3,0,1
BRDA:16,3,1,6
BRF:8
BRH:8
end_of_record
TN:
SF:solutions\9-reverse-linked-list.js
FN:6,Node
FN:16,reverseLinkedList
FNF:2
FNH:2
FNDA:4,Node
FNDA:5,reverseLinkedList
DA:7,4
DA:8,4
DA:17,5
DA:18,3
DA:21,2
DA:22,2
DA:24,2
DA:25,4
DA:26,4
DA:27,4
DA:28,4
DA:31,2
DA:34,1
LF:13
LH:13
BRDA:6,0,0,2
BRDA:17,1,0,3
BRDA:17,1,1,2
BRDA:17,2,0,5
BRDA:17,2,1,4
BRF:5
BRH:5
end_of_record
